/home/atharva23/colcon_ws/src/install/arm_controller/lib/python3.10/site-packages/arm_controller/__init__.py
/home/atharva23/colcon_ws/src/install/arm_controller/lib/python3.10/site-packages/arm_controller/aruco_perception.py
/home/atharva23/colcon_ws/src/install/arm_controller/lib/python3.10/site-packages/arm_controller/arm_manipulation.py
/home/atharva23/colcon_ws/src/install/arm_controller/lib/python3.10/site-packages/arm_controller/bad_fruits_perception.py
/home/atharva23/colcon_ws/src/install/arm_controller/lib/python3.10/site-packages/arm_controller/__pycache__/__init__.cpython-310.pyc
/home/atharva23/colcon_ws/src/install/arm_controller/lib/python3.10/site-packages/arm_controller/__pycache__/aruco_perception.cpython-310.pyc
/home/atharva23/colcon_ws/src/install/arm_controller/lib/python3.10/site-packages/arm_controller/__pycache__/arm_manipulation.cpython-310.pyc
/home/atharva23/colcon_ws/src/install/arm_controller/lib/python3.10/site-packages/arm_controller/__pycache__/bad_fruits_perception.cpython-310.pyc
/home/atharva23/colcon_ws/src/install/arm_controller/share/ament_index/resource_index/packages/arm_controller
/home/atharva23/colcon_ws/src/install/arm_controller/share/arm_controller/package.xml
/home/atharva23/colcon_ws/src/install/arm_controller/lib/python3.10/site-packages/arm_controller-0.0.0-py3.10.egg-info/entry_points.txt
/home/atharva23/colcon_ws/src/install/arm_controller/lib/python3.10/site-packages/arm_controller-0.0.0-py3.10.egg-info/PKG-INFO
/home/atharva23/colcon_ws/src/install/arm_controller/lib/python3.10/site-packages/arm_controller-0.0.0-py3.10.egg-info/zip-safe
/home/atharva23/colcon_ws/src/install/arm_controller/lib/python3.10/site-packages/arm_controller-0.0.0-py3.10.egg-info/top_level.txt
/home/atharva23/colcon_ws/src/install/arm_controller/lib/python3.10/site-packages/arm_controller-0.0.0-py3.10.egg-info/dependency_links.txt
/home/atharva23/colcon_ws/src/install/arm_controller/lib/python3.10/site-packages/arm_controller-0.0.0-py3.10.egg-info/SOURCES.txt
/home/atharva23/colcon_ws/src/install/arm_controller/lib/python3.10/site-packages/arm_controller-0.0.0-py3.10.egg-info/requires.txt
/home/atharva23/colcon_ws/src/install/arm_controller/lib/arm_controller/arm_manipulation
/home/atharva23/colcon_ws/src/install/arm_controller/lib/arm_controller/aruco_perception
/home/atharva23/colcon_ws/src/install/arm_controller/lib/arm_controller/bad_fruits_perception
